<?xml version="1.0" encoding="utf-8"?><testsuites><testsuite name="pytest" errors="0" failures="0" skipped="0" tests="5" time="0.244" timestamp="2023-05-14T12:45:38.654116" hostname="Gabriel"><testcase classname="tests.test_bytebank.TestClass" name="test_quando_idade_recebe_13_03_2000_deve_retornar_22" time="0.011" /><testcase classname="tests.test_bytebank.TestClass" name="test_quando_nome_recebe_lucas_carvalho_deve_retornar_carvalho" time="0.001" /><testcase classname="tests.test_bytebank.TestClass" name="test_quando_decrescimo_salario_recebe_100000_deve_retornar_90000" time="0.001" /><testcase classname="tests.test_bytebank.TestClass" name="test_quando_calcular_bonus_recebe_1000_deve_retornar_100" time="0.003" /><testcase classname="tests.test_bytebank.TestClass" name="test_quando_calcular_bonus_recebe_10000000_deve_retornar__exception" time="0.003" /></testsuite></testsuites>